<?xml version="1.0" encoding="UTF-8"?>
<testsuite name="sample.ApplicationTest" tests="1" skipped="0" failures="0" errors="0" timestamp="2021-07-01T21:53:45" hostname="brian1998-MS-7817" time="2.49">
  <properties/>
  <testcase name="fish()" classname="sample.ApplicationTest" time="2.49"/>
  <system-out><![CDATA[18:53:37.805 [Test worker] DEBUG org.springframework.test.context.BootstrapUtils - Instantiating CacheAwareContextLoaderDelegate from class [org.springframework.test.context.cache.DefaultCacheAwareContextLoaderDelegate]
18:53:37.862 [Test worker] DEBUG org.springframework.test.context.BootstrapUtils - Instantiating BootstrapContext using constructor [public org.springframework.test.context.support.DefaultBootstrapContext(java.lang.Class,org.springframework.test.context.CacheAwareContextLoaderDelegate)]
18:53:37.960 [Test worker] DEBUG org.springframework.test.context.BootstrapUtils - Instantiating TestContextBootstrapper for test class [sample.ApplicationTest] from class [org.springframework.boot.test.context.SpringBootTestContextBootstrapper]
18:53:37.985 [Test worker] INFO org.springframework.boot.test.context.SpringBootTestContextBootstrapper - Neither @ContextConfiguration nor @ContextHierarchy found for test class [sample.ApplicationTest], using SpringBootContextLoader
18:53:38.000 [Test worker] DEBUG org.springframework.test.context.support.AbstractContextLoader - Did not detect default resource location for test class [sample.ApplicationTest]: class path resource [sample/ApplicationTest-context.xml] does not exist
18:53:38.000 [Test worker] DEBUG org.springframework.test.context.support.AbstractContextLoader - Did not detect default resource location for test class [sample.ApplicationTest]: class path resource [sample/ApplicationTestContext.groovy] does not exist
18:53:38.001 [Test worker] INFO org.springframework.test.context.support.AbstractContextLoader - Could not detect default resource locations for test class [sample.ApplicationTest]: no resource found for suffixes {-context.xml, Context.groovy}.
18:53:38.003 [Test worker] INFO org.springframework.test.context.support.AnnotationConfigContextLoaderUtils - Could not detect default configuration classes for test class [sample.ApplicationTest]: ApplicationTest does not declare any static, non-private, non-final, nested classes annotated with @Configuration.
18:53:38.121 [Test worker] DEBUG org.springframework.test.context.support.ActiveProfilesUtils - Could not find an 'annotation declaring class' for annotation type [org.springframework.test.context.ActiveProfiles] and class [sample.ApplicationTest]
18:53:38.270 [Test worker] DEBUG org.springframework.context.annotation.ClassPathScanningCandidateComponentProvider - Identified candidate component class: file [/home/brian1998/Escritorio/nene-malloc-tp-scm-testing/build/classes/java/main/sample/Application.class]
18:53:38.276 [Test worker] INFO org.springframework.boot.test.context.SpringBootTestContextBootstrapper - Found @SpringBootConfiguration sample.Application for test class sample.ApplicationTest
18:53:38.508 [Test worker] DEBUG org.springframework.boot.test.context.SpringBootTestContextBootstrapper - @TestExecutionListeners is not present for class [sample.ApplicationTest]: using defaults.
18:53:38.509 [Test worker] INFO org.springframework.boot.test.context.SpringBootTestContextBootstrapper - Loaded default TestExecutionListener class names from location [META-INF/spring.factories]: [org.springframework.boot.test.autoconfigure.restdocs.RestDocsTestExecutionListener, org.springframework.boot.test.autoconfigure.web.client.MockRestServiceServerResetTestExecutionListener, org.springframework.boot.test.autoconfigure.web.servlet.MockMvcPrintOnlyOnFailureTestExecutionListener, org.springframework.boot.test.autoconfigure.web.servlet.WebDriverTestExecutionListener, org.springframework.boot.test.autoconfigure.webservices.client.MockWebServiceServerTestExecutionListener, org.springframework.boot.test.mock.mockito.MockitoTestExecutionListener, org.springframework.boot.test.mock.mockito.ResetMocksTestExecutionListener, org.springframework.test.context.web.ServletTestExecutionListener, org.springframework.test.context.support.DirtiesContextBeforeModesTestExecutionListener, org.springframework.test.context.event.ApplicationEventsTestExecutionListener, org.springframework.test.context.support.DependencyInjectionTestExecutionListener, org.springframework.test.context.support.DirtiesContextTestExecutionListener, org.springframework.test.context.transaction.TransactionalTestExecutionListener, org.springframework.test.context.jdbc.SqlScriptsTestExecutionListener, org.springframework.test.context.event.EventPublishingTestExecutionListener]
18:53:38.560 [Test worker] INFO org.springframework.boot.test.context.SpringBootTestContextBootstrapper - Using TestExecutionListeners: [org.springframework.test.context.web.ServletTestExecutionListener@74b78545, org.springframework.test.context.support.DirtiesContextBeforeModesTestExecutionListener@6006ef94, org.springframework.test.context.event.ApplicationEventsTestExecutionListener@a915e2b, org.springframework.boot.test.mock.mockito.MockitoTestExecutionListener@139db2c7, org.springframework.boot.test.autoconfigure.SpringBootDependencyInjectionTestExecutionListener@5bc8805c, org.springframework.test.context.support.DirtiesContextTestExecutionListener@ce5aefe, org.springframework.test.context.transaction.TransactionalTestExecutionListener@c85d94f, org.springframework.test.context.jdbc.SqlScriptsTestExecutionListener@72704992, org.springframework.test.context.event.EventPublishingTestExecutionListener@6d25ede0, org.springframework.boot.test.autoconfigure.restdocs.RestDocsTestExecutionListener@4c163ce4, org.springframework.boot.test.autoconfigure.web.client.MockRestServiceServerResetTestExecutionListener@6efbdb88, org.springframework.boot.test.autoconfigure.web.servlet.MockMvcPrintOnlyOnFailureTestExecutionListener@1e37231c, org.springframework.boot.test.autoconfigure.web.servlet.WebDriverTestExecutionListener@5cbf87d7, org.springframework.boot.test.autoconfigure.webservices.client.MockWebServiceServerTestExecutionListener@21b371b8, org.springframework.boot.test.mock.mockito.ResetMocksTestExecutionListener@11a4c99d]
18:53:38.568 [Test worker] DEBUG org.springframework.test.context.support.AbstractDirtiesContextTestExecutionListener - Before test class: context [DefaultTestContext@286e50bf testClass = ApplicationTest, testInstance = [null], testMethod = [null], testException = [null], mergedContextConfiguration = [WebMergedContextConfiguration@c3db6ca testClass = ApplicationTest, locations = '{}', classes = '{class sample.Application}', contextInitializerClasses = '[]', activeProfiles = '{}', propertySourceLocations = '{}', propertySourceProperties = '{org.springframework.boot.test.context.SpringBootTestContextBootstrapper=true, server.port=0}', contextCustomizers = set[org.springframework.boot.test.autoconfigure.actuate.metrics.MetricsExportContextCustomizerFactory$DisableMetricExportContextCustomizer@2f553e89, org.springframework.boot.test.autoconfigure.properties.PropertyMappingContextCustomizer@0, org.springframework.boot.test.autoconfigure.web.servlet.WebDriverContextCustomizerFactory$Customizer@234b9714, org.springframework.boot.test.context.filter.ExcludeFilterContextCustomizer@44795f85, org.springframework.boot.test.json.DuplicateJsonObjectContextCustomizerFactory$DuplicateJsonObjectContextCustomizer@4d47a359, org.springframework.boot.test.mock.mockito.MockitoContextCustomizer@0, org.springframework.boot.test.web.client.TestRestTemplateContextCustomizer@2d52ea80, org.springframework.boot.test.context.SpringBootTestArgs@1, org.springframework.boot.test.context.SpringBootTestWebEnvironment@4add7946], resourceBasePath = 'src/main/webapp', contextLoader = 'org.springframework.boot.test.context.SpringBootContextLoader', parent = [null]], attributes = map['org.springframework.test.context.web.ServletTestExecutionListener.activateListener' -> false]], class annotated with @DirtiesContext [false] with mode [null].
18:53:38.590 [Test worker] DEBUG org.springframework.test.context.support.DependencyInjectionTestExecutionListener - Performing dependency injection for test context [[DefaultTestContext@286e50bf testClass = ApplicationTest, testInstance = sample.ApplicationTest@404e0601, testMethod = [null], testException = [null], mergedContextConfiguration = [WebMergedContextConfiguration@c3db6ca testClass = ApplicationTest, locations = '{}', classes = '{class sample.Application}', contextInitializerClasses = '[]', activeProfiles = '{}', propertySourceLocations = '{}', propertySourceProperties = '{org.springframework.boot.test.context.SpringBootTestContextBootstrapper=true, server.port=0}', contextCustomizers = set[org.springframework.boot.test.autoconfigure.actuate.metrics.MetricsExportContextCustomizerFactory$DisableMetricExportContextCustomizer@2f553e89, org.springframework.boot.test.autoconfigure.properties.PropertyMappingContextCustomizer@0, org.springframework.boot.test.autoconfigure.web.servlet.WebDriverContextCustomizerFactory$Customizer@234b9714, org.springframework.boot.test.context.filter.ExcludeFilterContextCustomizer@44795f85, org.springframework.boot.test.json.DuplicateJsonObjectContextCustomizerFactory$DuplicateJsonObjectContextCustomizer@4d47a359, org.springframework.boot.test.mock.mockito.MockitoContextCustomizer@0, org.springframework.boot.test.web.client.TestRestTemplateContextCustomizer@2d52ea80, org.springframework.boot.test.context.SpringBootTestArgs@1, org.springframework.boot.test.context.SpringBootTestWebEnvironment@4add7946], resourceBasePath = 'src/main/webapp', contextLoader = 'org.springframework.boot.test.context.SpringBootContextLoader', parent = [null]], attributes = map['org.springframework.test.context.web.ServletTestExecutionListener.activateListener' -> false, 'org.springframework.test.context.event.ApplicationEventsTestExecutionListener.recordApplicationEvents' -> false]]].
18:53:38.638 [Test worker] DEBUG org.springframework.test.context.support.TestPropertySourceUtils - Adding inlined properties to environment: {spring.jmx.enabled=false, org.springframework.boot.test.context.SpringBootTestContextBootstrapper=true, server.port=0}

  .   ____          _            __ _ _
 /\\ / ___'_ __ _ _(_)_ __  __ _ \ \ \ \
( ( )\___ | '_ | '_| | '_ \/ _` | \ \ \ \
 \\/  ___)| |_)| | | | | || (_| |  ) ) ) )
  '  |____| .__|_| |_|_| |_\__, | / / / /
 =========|_|==============|___/=/_/_/_/
 :: Spring Boot ::                (v2.5.0)

2021-07-01 18:53:39.246  INFO 27196 --- [    Test worker] sample.ApplicationTest                   : Starting ApplicationTest using Java 11.0.11 on brian1998-MS-7817 with PID 27196 (started by brian1998 in /home/brian1998/Escritorio/nene-malloc-tp-scm-testing)
2021-07-01 18:53:39.250  INFO 27196 --- [    Test worker] sample.ApplicationTest                   : No active profile set, falling back to default profiles: default
2021-07-01 18:53:40.356  WARN 27196 --- [kground-preinit] o.s.h.c.j.Jackson2ObjectMapperBuilder    : For Jackson Kotlin classes support please add "com.fasterxml.jackson.module:jackson-module-kotlin" to the classpath
2021-07-01 18:53:42.162  INFO 27196 --- [    Test worker] o.s.b.w.embedded.tomcat.TomcatWebServer  : Tomcat initialized with port(s): 0 (http)
2021-07-01 18:53:42.183  INFO 27196 --- [    Test worker] o.apache.catalina.core.StandardService   : Starting service [Tomcat]
2021-07-01 18:53:42.184  INFO 27196 --- [    Test worker] org.apache.catalina.core.StandardEngine  : Starting Servlet engine: [Apache Tomcat/9.0.46]
2021-07-01 18:53:42.354  INFO 27196 --- [    Test worker] o.a.c.c.C.[Tomcat].[localhost].[/]       : Initializing Spring embedded WebApplicationContext
2021-07-01 18:53:42.354  INFO 27196 --- [    Test worker] w.s.c.ServletWebServerApplicationContext : Root WebApplicationContext: initialization completed in 2475 ms
2021-07-01 18:53:43.482  INFO 27196 --- [    Test worker] o.s.b.a.w.s.WelcomePageHandlerMapping    : Adding welcome page template: index
2021-07-01 18:53:44.127  INFO 27196 --- [    Test worker] com.zaxxer.hikari.HikariDataSource       : HikariPool-1 - Starting...
2021-07-01 18:53:44.564  INFO 27196 --- [    Test worker] com.zaxxer.hikari.HikariDataSource       : HikariPool-1 - Start completed.
2021-07-01 18:53:45.263  INFO 27196 --- [    Test worker] o.s.s.web.DefaultSecurityFilterChain     : Will secure any request with [org.springframework.security.web.context.request.async.WebAsyncManagerIntegrationFilter@a3fab6a, org.springframework.security.web.context.SecurityContextPersistenceFilter@63a72453, org.springframework.security.web.header.HeaderWriterFilter@7f0dbb04, org.springframework.security.web.csrf.CsrfFilter@467079, org.springframework.security.web.authentication.logout.LogoutFilter@d46abb5, org.springframework.security.web.authentication.UsernamePasswordAuthenticationFilter@4cbf4b58, org.springframework.security.web.savedrequest.RequestCacheAwareFilter@53869147, org.springframework.security.web.servletapi.SecurityContextHolderAwareRequestFilter@346388f3, org.springframework.security.web.authentication.rememberme.RememberMeAuthenticationFilter@37a1b951, org.springframework.security.web.authentication.AnonymousAuthenticationFilter@19268054, org.springframework.security.web.session.SessionManagementFilter@7945dbe6, org.springframework.security.web.access.ExceptionTranslationFilter@37db3a55, org.springframework.security.web.access.intercept.FilterSecurityInterceptor@1dbda078]
2021-07-01 18:53:45.420  INFO 27196 --- [    Test worker] o.s.b.w.embedded.tomcat.TomcatWebServer  : Tomcat started on port(s): 39747 (http) with context path ''
2021-07-01 18:53:45.435  INFO 27196 --- [    Test worker] sample.ApplicationTest                   : Started ApplicationTest in 6.792 seconds (JVM running for 9.218)
2021-07-01 18:53:45.437  INFO 27196 --- [    Test worker] o.s.b.a.ApplicationAvailabilityBean      : Application availability state LivenessState changed to CORRECT
2021-07-01 18:53:45.439  INFO 27196 --- [    Test worker] o.s.b.a.ApplicationAvailabilityBean      : Application availability state ReadinessState changed to ACCEPTING_TRAFFIC
2021-07-01 18:53:46.214  INFO 27196 --- [o-auto-1-exec-1] o.a.c.c.C.[Tomcat].[localhost].[/]       : Initializing Spring DispatcherServlet 'dispatcherServlet'
2021-07-01 18:53:46.214  INFO 27196 --- [o-auto-1-exec-1] o.s.web.servlet.DispatcherServlet        : Initializing Servlet 'dispatcherServlet'
2021-07-01 18:53:46.217  INFO 27196 --- [o-auto-1-exec-1] o.s.web.servlet.DispatcherServlet        : Completed initialization in 2 ms
2021-07-01 18:53:46.409 DEBUG 27196 --- [o-auto-1-exec-1] org.seasar.doma.jdbc.LogKind.SQL.SELECT  : [DOMA2076] SQL LOG : PATH=[null],
select t0_.CATID, t0_.name, t0_.DESCN from Category t0_ where t0_.CATID = 'FISH'
2021-07-01 18:53:46.451 DEBUG 27196 --- [o-auto-1-exec-1] org.seasar.doma.jdbc.LogKind.SQL.SELECT  : [DOMA2076] SQL LOG : PATH=[null],
select t0_.productId, t0_.CATEGORY, t0_.name, t0_.DESCN from Product t0_ where t0_.CATEGORY = 'FISH'
]]></system-out>
  <system-err><![CDATA[]]></system-err>
</testsuite>
