<?xml version="1.0" encoding="UTF-8"?>
<testsuite name="sample.ApplicationTest" tests="1" skipped="0" failures="0" errors="0" timestamp="2021-07-01T20:38:22" hostname="brian1998-MS-7817" time="2.156">
  <properties/>
  <testcase name="fish()" classname="sample.ApplicationTest" time="2.156"/>
  <system-out><![CDATA[17:38:12.211 [Test worker] DEBUG org.springframework.test.context.BootstrapUtils - Instantiating CacheAwareContextLoaderDelegate from class [org.springframework.test.context.cache.DefaultCacheAwareContextLoaderDelegate]
17:38:12.302 [Test worker] DEBUG org.springframework.test.context.BootstrapUtils - Instantiating BootstrapContext using constructor [public org.springframework.test.context.support.DefaultBootstrapContext(java.lang.Class,org.springframework.test.context.CacheAwareContextLoaderDelegate)]
17:38:12.530 [Test worker] DEBUG org.springframework.test.context.BootstrapUtils - Instantiating TestContextBootstrapper for test class [sample.ApplicationTest] from class [org.springframework.boot.test.context.SpringBootTestContextBootstrapper]
17:38:12.577 [Test worker] INFO org.springframework.boot.test.context.SpringBootTestContextBootstrapper - Neither @ContextConfiguration nor @ContextHierarchy found for test class [sample.ApplicationTest], using SpringBootContextLoader
17:38:12.600 [Test worker] DEBUG org.springframework.test.context.support.AbstractContextLoader - Did not detect default resource location for test class [sample.ApplicationTest]: class path resource [sample/ApplicationTest-context.xml] does not exist
17:38:12.601 [Test worker] DEBUG org.springframework.test.context.support.AbstractContextLoader - Did not detect default resource location for test class [sample.ApplicationTest]: class path resource [sample/ApplicationTestContext.groovy] does not exist
17:38:12.611 [Test worker] INFO org.springframework.test.context.support.AbstractContextLoader - Could not detect default resource locations for test class [sample.ApplicationTest]: no resource found for suffixes {-context.xml, Context.groovy}.
17:38:12.614 [Test worker] INFO org.springframework.test.context.support.AnnotationConfigContextLoaderUtils - Could not detect default configuration classes for test class [sample.ApplicationTest]: ApplicationTest does not declare any static, non-private, non-final, nested classes annotated with @Configuration.
17:38:12.823 [Test worker] DEBUG org.springframework.test.context.support.ActiveProfilesUtils - Could not find an 'annotation declaring class' for annotation type [org.springframework.test.context.ActiveProfiles] and class [sample.ApplicationTest]
17:38:13.061 [Test worker] DEBUG org.springframework.context.annotation.ClassPathScanningCandidateComponentProvider - Identified candidate component class: file [/home/brian1998/Escritorio/nene-malloc-tp-scm-testing/build/classes/java/main/sample/Application.class]
17:38:13.068 [Test worker] INFO org.springframework.boot.test.context.SpringBootTestContextBootstrapper - Found @SpringBootConfiguration sample.Application for test class sample.ApplicationTest
17:38:13.355 [Test worker] DEBUG org.springframework.boot.test.context.SpringBootTestContextBootstrapper - @TestExecutionListeners is not present for class [sample.ApplicationTest]: using defaults.
17:38:13.357 [Test worker] INFO org.springframework.boot.test.context.SpringBootTestContextBootstrapper - Loaded default TestExecutionListener class names from location [META-INF/spring.factories]: [org.springframework.boot.test.autoconfigure.restdocs.RestDocsTestExecutionListener, org.springframework.boot.test.autoconfigure.web.client.MockRestServiceServerResetTestExecutionListener, org.springframework.boot.test.autoconfigure.web.servlet.MockMvcPrintOnlyOnFailureTestExecutionListener, org.springframework.boot.test.autoconfigure.web.servlet.WebDriverTestExecutionListener, org.springframework.boot.test.autoconfigure.webservices.client.MockWebServiceServerTestExecutionListener, org.springframework.boot.test.mock.mockito.MockitoTestExecutionListener, org.springframework.boot.test.mock.mockito.ResetMocksTestExecutionListener, org.springframework.test.context.web.ServletTestExecutionListener, org.springframework.test.context.support.DirtiesContextBeforeModesTestExecutionListener, org.springframework.test.context.event.ApplicationEventsTestExecutionListener, org.springframework.test.context.support.DependencyInjectionTestExecutionListener, org.springframework.test.context.support.DirtiesContextTestExecutionListener, org.springframework.test.context.transaction.TransactionalTestExecutionListener, org.springframework.test.context.jdbc.SqlScriptsTestExecutionListener, org.springframework.test.context.event.EventPublishingTestExecutionListener]
17:38:13.420 [Test worker] INFO org.springframework.boot.test.context.SpringBootTestContextBootstrapper - Using TestExecutionListeners: [org.springframework.test.context.web.ServletTestExecutionListener@7bd4d0cd, org.springframework.test.context.support.DirtiesContextBeforeModesTestExecutionListener@a47a696, org.springframework.test.context.event.ApplicationEventsTestExecutionListener@717b6231, org.springframework.boot.test.mock.mockito.MockitoTestExecutionListener@2387ea4d, org.springframework.boot.test.autoconfigure.SpringBootDependencyInjectionTestExecutionListener@7e081448, org.springframework.test.context.support.DirtiesContextTestExecutionListener@494c7e09, org.springframework.test.context.transaction.TransactionalTestExecutionListener@638cf7fb, org.springframework.test.context.jdbc.SqlScriptsTestExecutionListener@7fc5bc45, org.springframework.test.context.event.EventPublishingTestExecutionListener@41514da1, org.springframework.boot.test.autoconfigure.restdocs.RestDocsTestExecutionListener@6bc7cfb4, org.springframework.boot.test.autoconfigure.web.client.MockRestServiceServerResetTestExecutionListener@6f70de18, org.springframework.boot.test.autoconfigure.web.servlet.MockMvcPrintOnlyOnFailureTestExecutionListener@3d057027, org.springframework.boot.test.autoconfigure.web.servlet.WebDriverTestExecutionListener@76f21e63, org.springframework.boot.test.autoconfigure.webservices.client.MockWebServiceServerTestExecutionListener@231dc566, org.springframework.boot.test.mock.mockito.ResetMocksTestExecutionListener@4af45f03]
17:38:13.433 [Test worker] DEBUG org.springframework.test.context.support.AbstractDirtiesContextTestExecutionListener - Before test class: context [DefaultTestContext@21407029 testClass = ApplicationTest, testInstance = [null], testMethod = [null], testException = [null], mergedContextConfiguration = [WebMergedContextConfiguration@1a64c04 testClass = ApplicationTest, locations = '{}', classes = '{class sample.Application}', contextInitializerClasses = '[]', activeProfiles = '{}', propertySourceLocations = '{}', propertySourceProperties = '{org.springframework.boot.test.context.SpringBootTestContextBootstrapper=true, server.port=0}', contextCustomizers = set[org.springframework.boot.test.autoconfigure.actuate.metrics.MetricsExportContextCustomizerFactory$DisableMetricExportContextCustomizer@4d774e45, org.springframework.boot.test.autoconfigure.properties.PropertyMappingContextCustomizer@0, org.springframework.boot.test.autoconfigure.web.servlet.WebDriverContextCustomizerFactory$Customizer@58a73434, org.springframework.boot.test.context.filter.ExcludeFilterContextCustomizer@787fdc40, org.springframework.boot.test.json.DuplicateJsonObjectContextCustomizerFactory$DuplicateJsonObjectContextCustomizer@78761341, org.springframework.boot.test.mock.mockito.MockitoContextCustomizer@0, org.springframework.boot.test.web.client.TestRestTemplateContextCustomizer@76d41024, org.springframework.boot.test.context.SpringBootTestArgs@1, org.springframework.boot.test.context.SpringBootTestWebEnvironment@476ecc3a], resourceBasePath = 'src/main/webapp', contextLoader = 'org.springframework.boot.test.context.SpringBootContextLoader', parent = [null]], attributes = map['org.springframework.test.context.web.ServletTestExecutionListener.activateListener' -> false]], class annotated with @DirtiesContext [false] with mode [null].
17:38:13.475 [Test worker] DEBUG org.springframework.test.context.support.DependencyInjectionTestExecutionListener - Performing dependency injection for test context [[DefaultTestContext@21407029 testClass = ApplicationTest, testInstance = sample.ApplicationTest@1f403b8d, testMethod = [null], testException = [null], mergedContextConfiguration = [WebMergedContextConfiguration@1a64c04 testClass = ApplicationTest, locations = '{}', classes = '{class sample.Application}', contextInitializerClasses = '[]', activeProfiles = '{}', propertySourceLocations = '{}', propertySourceProperties = '{org.springframework.boot.test.context.SpringBootTestContextBootstrapper=true, server.port=0}', contextCustomizers = set[org.springframework.boot.test.autoconfigure.actuate.metrics.MetricsExportContextCustomizerFactory$DisableMetricExportContextCustomizer@4d774e45, org.springframework.boot.test.autoconfigure.properties.PropertyMappingContextCustomizer@0, org.springframework.boot.test.autoconfigure.web.servlet.WebDriverContextCustomizerFactory$Customizer@58a73434, org.springframework.boot.test.context.filter.ExcludeFilterContextCustomizer@787fdc40, org.springframework.boot.test.json.DuplicateJsonObjectContextCustomizerFactory$DuplicateJsonObjectContextCustomizer@78761341, org.springframework.boot.test.mock.mockito.MockitoContextCustomizer@0, org.springframework.boot.test.web.client.TestRestTemplateContextCustomizer@76d41024, org.springframework.boot.test.context.SpringBootTestArgs@1, org.springframework.boot.test.context.SpringBootTestWebEnvironment@476ecc3a], resourceBasePath = 'src/main/webapp', contextLoader = 'org.springframework.boot.test.context.SpringBootContextLoader', parent = [null]], attributes = map['org.springframework.test.context.web.ServletTestExecutionListener.activateListener' -> false, 'org.springframework.test.context.event.ApplicationEventsTestExecutionListener.recordApplicationEvents' -> false]]].
17:38:13.542 [Test worker] DEBUG org.springframework.test.context.support.TestPropertySourceUtils - Adding inlined properties to environment: {spring.jmx.enabled=false, org.springframework.boot.test.context.SpringBootTestContextBootstrapper=true, server.port=0}

  .   ____          _            __ _ _
 /\\ / ___'_ __ _ _(_)_ __  __ _ \ \ \ \
( ( )\___ | '_ | '_| | '_ \/ _` | \ \ \ \
 \\/  ___)| |_)| | | | | || (_| |  ) ) ) )
  '  |____| .__|_| |_|_| |_\__, | / / / /
 =========|_|==============|___/=/_/_/_/
 :: Spring Boot ::                (v2.5.0)

2021-07-01 17:38:14.569  INFO 22450 --- [    Test worker] sample.ApplicationTest                   : Starting ApplicationTest using Java 11.0.11 on brian1998-MS-7817 with PID 22450 (started by brian1998 in /home/brian1998/Escritorio/nene-malloc-tp-scm-testing)
2021-07-01 17:38:14.585  INFO 22450 --- [    Test worker] sample.ApplicationTest                   : No active profile set, falling back to default profiles: default
2021-07-01 17:38:16.666  WARN 22450 --- [kground-preinit] o.s.h.c.j.Jackson2ObjectMapperBuilder    : For Jackson Kotlin classes support please add "com.fasterxml.jackson.module:jackson-module-kotlin" to the classpath
2021-07-01 17:38:18.878  INFO 22450 --- [    Test worker] o.s.b.w.embedded.tomcat.TomcatWebServer  : Tomcat initialized with port(s): 0 (http)
2021-07-01 17:38:18.898  INFO 22450 --- [    Test worker] o.apache.catalina.core.StandardService   : Starting service [Tomcat]
2021-07-01 17:38:18.899  INFO 22450 --- [    Test worker] org.apache.catalina.core.StandardEngine  : Starting Servlet engine: [Apache Tomcat/9.0.46]
2021-07-01 17:38:19.024  INFO 22450 --- [    Test worker] o.a.c.c.C.[Tomcat].[localhost].[/]       : Initializing Spring embedded WebApplicationContext
2021-07-01 17:38:19.024  INFO 22450 --- [    Test worker] w.s.c.ServletWebServerApplicationContext : Root WebApplicationContext: initialization completed in 2959 ms
2021-07-01 17:38:20.162  INFO 22450 --- [    Test worker] o.s.b.a.w.s.WelcomePageHandlerMapping    : Adding welcome page template: index
2021-07-01 17:38:20.801  INFO 22450 --- [    Test worker] com.zaxxer.hikari.HikariDataSource       : HikariPool-1 - Starting...
2021-07-01 17:38:21.212  INFO 22450 --- [    Test worker] com.zaxxer.hikari.HikariDataSource       : HikariPool-1 - Start completed.
2021-07-01 17:38:21.822  INFO 22450 --- [    Test worker] o.s.s.web.DefaultSecurityFilterChain     : Will secure any request with [org.springframework.security.web.context.request.async.WebAsyncManagerIntegrationFilter@5770c0f6, org.springframework.security.web.context.SecurityContextPersistenceFilter@6669a754, org.springframework.security.web.header.HeaderWriterFilter@796cb953, org.springframework.security.web.csrf.CsrfFilter@22162ce5, org.springframework.security.web.authentication.logout.LogoutFilter@15acdff3, org.springframework.security.web.authentication.UsernamePasswordAuthenticationFilter@2dbc85d8, org.springframework.security.web.savedrequest.RequestCacheAwareFilter@576b99bc, org.springframework.security.web.servletapi.SecurityContextHolderAwareRequestFilter@7aa06593, org.springframework.security.web.authentication.rememberme.RememberMeAuthenticationFilter@69f0a336, org.springframework.security.web.authentication.AnonymousAuthenticationFilter@741cbc8e, org.springframework.security.web.session.SessionManagementFilter@28db62af, org.springframework.security.web.access.ExceptionTranslationFilter@3d8f7082, org.springframework.security.web.access.intercept.FilterSecurityInterceptor@72639cc1]
2021-07-01 17:38:21.993  INFO 22450 --- [    Test worker] o.s.b.w.embedded.tomcat.TomcatWebServer  : Tomcat started on port(s): 43989 (http) with context path ''
2021-07-01 17:38:22.012  INFO 22450 --- [    Test worker] sample.ApplicationTest                   : Started ApplicationTest in 8.463 seconds (JVM running for 12.905)
2021-07-01 17:38:22.015  INFO 22450 --- [    Test worker] o.s.b.a.ApplicationAvailabilityBean      : Application availability state LivenessState changed to CORRECT
2021-07-01 17:38:22.017  INFO 22450 --- [    Test worker] o.s.b.a.ApplicationAvailabilityBean      : Application availability state ReadinessState changed to ACCEPTING_TRAFFIC
2021-07-01 17:38:22.675  INFO 22450 --- [o-auto-1-exec-1] o.a.c.c.C.[Tomcat].[localhost].[/]       : Initializing Spring DispatcherServlet 'dispatcherServlet'
2021-07-01 17:38:22.676  INFO 22450 --- [o-auto-1-exec-1] o.s.web.servlet.DispatcherServlet        : Initializing Servlet 'dispatcherServlet'
2021-07-01 17:38:22.678  INFO 22450 --- [o-auto-1-exec-1] o.s.web.servlet.DispatcherServlet        : Completed initialization in 1 ms
2021-07-01 17:38:22.849 DEBUG 22450 --- [o-auto-1-exec-1] org.seasar.doma.jdbc.LogKind.SQL.SELECT  : [DOMA2076] SQL LOG : PATH=[null],
select t0_.CATID, t0_.name, t0_.DESCN from Category t0_ where t0_.CATID = 'FISH'
2021-07-01 17:38:22.882 DEBUG 22450 --- [o-auto-1-exec-1] org.seasar.doma.jdbc.LogKind.SQL.SELECT  : [DOMA2076] SQL LOG : PATH=[null],
select t0_.productId, t0_.CATEGORY, t0_.name, t0_.DESCN from Product t0_ where t0_.CATEGORY = 'FISH'
]]></system-out>
  <system-err><![CDATA[]]></system-err>
</testsuite>
